
SCADE project: E:\Projetos\SCADE_Study\landing_gear\Display\landing_gear.etp
SCADE Display specification: LG.sgfx

Project Properties:
- @SDY:DEFAULTCOLORTABLE: color_table.sct
- @SDY:DEFAULTLSTABLE: line_stipple_table.sst
- @SDY:DEFAULTLWTABLE: line_width_table.swt
- @SDY:FONTTABLE: font_table.sft
- @UAPC:CHARSETENCODING: Ascii
- @UAPC:CONFFILE: a661.xml
- @UAPC:DFPICTURETABLE: 
- @UAPC:DFSYMBOLTABLE: 
- @UAPC:STYLESETCAPACITIES: look_capacities.slc
- @UAPC:STYLESETDEFINITION: look_definition.sld

Reporter Properties:
- @SDYREP:AUTHORS: Luciana Kfouri
- @SDYREP:CLASSIFICATION: <document classification>
- @SDYREP:COMPANYINFO: ITA
- @SDYREP:CONFSOURCE: E:\Projetos\SCADE_Study\landing_gear\Display\LG.sgfx
- @SDYREP:DATE: 21/07/2016
- @SDYREP:DESCRIPTION: df/cds de controle de Tren de POuso
- @SDYREP:DISTLIST: <distribution list>
- @SDYREP:FOOTERCENTER: <Corporate Info>
- @SDYREP:FOOTERLEFT: 
- @SDYREP:FOOTERRIGHT: 
- @SDYREP:FORMAT: HTML
- @SDYREP:HEADERCENTER: $(IssueNr)
- @SDYREP:HEADERLEFT: $(ReferenceNr)
$(CreatedDate)
- @SDYREP:HEADERRIGHT: $(PageNumbering)
- @SDYREP:IMAGEPATH: E:\Projetos\SCADE_Study\landing_gear\Display
- @SDYREP:INDEX: <index>
- @SDYREP:ISSUE: <issue number>
- @SDYREP:LOGOPATH: E:\Projetos\SCADE_Study\landing_gear\Display
- @SDYREP:OUTPUT: %ModelName%_Report
- @SDYREP:REFERENCE: Warm up Arinc 661, Scade for Dummies
- @SDYREP:REFERENCENB: <reference number>
- @SDYREP:RESOURCES: $(CONFIG)/default
- @SDYREP:SCREENSHOTS: true
- @SDYREP:SUBTITLE: Front End - Definition File
- @SDYREP:SUMMARY: <summary>
- @SDYREP:SYMBOLS: false
- @SDYREP:TITLE: Controle de Trem de Pouso
- @SDYREP:WIDGETSETS: false
